INFO:root:

*******STARTING!!!******


INFO:root:

*******Configuration******


INFO:root:# NUM_ROWS = 20


INFO:root:NUM_ROWS = 5


INFO:root:# NUM_COLS = 20


INFO:root:NUM_COLS = 5


INFO:root:empty_in_split = '\xa0'


INFO:root:convert_to_sat = True


INFO:root:pickle_unsolved_file_path = 'data/%dx%d_nonograms.pkl' % (NUM_ROWS, NUM_COLS)


INFO:root:pickle_solved_file_path = 'data/%dx%d_nonograms_solved.pkl' % (NUM_ROWS, NUM_COLS)


INFO:root:pickle_row_options_path = 'data/%dx%d_row_options.pkl' % (NUM_ROWS, NUM_ROWS)


INFO:root:should_run_in_parallel = True


INFO:root:print_individual_fitness = False


INFO:root:


INFO:root:NUM_COND_TREES = 5


INFO:root:NUM_VAL_TREES = NUM_COND_TREES + 1


INFO:root:prob_crossover_global = 0.7  # global probability for cx


INFO:root:prob_crossover_individual_cond = 0.8  # probability to cx a specific cond tree in an individual


INFO:root:prob_crossover_individual_val = 0.8  # probability to cx a specific cond tree in an individual


INFO:root:prob_mutate_global = 0.3


INFO:root:prob_mutate_individual_cond = 0.7


INFO:root:prob_mutate_individual_val = 0.7


INFO:root:


INFO:root:points_correct_box = 5


INFO:root:points_incorrect_box = 0


INFO:root:# points_incorrect_box = -2


INFO:root:pop_size = 1


INFO:root:hof_size = 1


INFO:root:# num_gen = 40


INFO:root:num_gen = 10


INFO:root:train_size = 1


INFO:root:

*******DONE!!!******


INFO:root:run time: 1 sec

INFO:root:max possible fitness for the nonograms ran: %d

INFO:root:log:    	      	              fitness              	                size               
   	      	-----------------------------------	-----------------------------------
gen	nevals	avg  	max  	min  	size	std	avg	max	min	size	std
0  	1     	0.592	0.592	0.592	1   	0  	2  	2  	2  	1   	0  
1  	0     	0.592	0.592	0.592	1   	0  	2  	2  	2  	1   	0  
2  	1     	0.592	0.592	0.592	1   	0  	3  	3  	3  	1   	0  
3  	0     	0.592	0.592	0.592	1   	0  	3  	3  	3  	1   	0  
4  	0     	0.592	0.592	0.592	1   	0  	3  	3  	3  	1   	0  
5  	0     	0.592	0.592	0.592	1   	0  	3  	3  	3  	1   	0  
6  	0     	0.592	0.592	0.592	1   	0  	3  	3  	3  	1   	0  
7  	1     	0.592	0.592	0.592	1   	0  	4  	4  	4  	1   	0  
8  	0     	0.592	0.592	0.592	1   	0  	4  	4  	4  	1   	0  
9  	0     	0.592	0.592	0.592	1   	0  	4  	4  	4  	1   	0  
10 	0     	0.592	0.592	0.592	1   	0  	4  	4  	4  	1   	0  

INFO:root:pop: COND TREES:
ge(_if_then_else(False, ones_diff_cols, ones_diff_cols), max_row_clue)
or_(True, True)
le(-67, 3)
and_(False, False)
ge(max_row_clue, max_row_clue)
VAL TREES:
add(compare_blocks_cols, ones_diff_cols)
add(mul(mul(mul(ones_diff_rows, zeros_diff_rows), add(zeros_diff_cols, compare_blocks_cols)), mul(mul(compare_blocks_rows, zeros_diff_cols), mul(compare_blocks_rows, zeros_diff_cols))), add(mul(ones_diff_cols, compare_blocks_cols), compare_blocks_rows))
mul(add(mul(mul(mul(compare_blocks_cols, ones_diff_rows), mul(ones_diff_rows, ones_diff_rows)), mul(zeros_diff_cols, compare_blocks_rows)), add(mul(80, ones_diff_cols), mul(ones_diff_rows, ones_diff_cols))), ones_diff_cols)
add(mul(mul(compare_blocks_cols, ones_diff_cols), add(compare_blocks_rows, -29)), add(add(add(compare_blocks_cols, compare_blocks_rows), compare_blocks_cols), mul(ones_diff_cols, ones_diff_cols)))
mul(zeros_diff_rows, mul(mul(mul(add(ones_diff_cols, ones_diff_cols), mul(ones_diff_cols, ones_diff_cols)), mul(mul(30, ones_diff_rows), add(zeros_diff_rows, zeros_diff_cols))), add(mul(mul(ones_diff_rows, compare_blocks_rows), add(zeros_diff_rows, ones_diff_cols)), mul(mul(35, compare_blocks_rows), add(ones_diff_rows, zeros_diff_rows)))))
mul(add(compare_blocks_cols, ones_diff_rows), zeros_diff_cols)


INFO:root:hof: COND TREES:
ge(_if_then_else(False, ones_diff_cols, ones_diff_cols), max_row_clue)
or_(True, True)
le(-67, 3)
and_(False, False)
ge(max_row_clue, max_row_clue)
VAL TREES:
add(compare_blocks_cols, ones_diff_cols)
add(add(zeros_diff_rows, -17), add(compare_blocks_rows, compare_blocks_rows))
mul(compare_blocks_rows, ones_diff_cols)
add(add(mul(mul(compare_blocks_rows, compare_blocks_rows), zeros_diff_rows), ones_diff_cols), ones_diff_rows)
mul(zeros_diff_rows, ones_diff_cols)
mul(ones_diff_cols, zeros_diff_cols)


INFO:root:stats: {'fitness': <deap.tools.support.Statistics object at 0x0000022F7F1318D0>, 'size': <deap.tools.support.Statistics object at 0x0000022F7F131860>}

